<?xml version="1.0" encoding="UTF-8"?>
<testsuite xmlns:xsi="http://www.w3.org/2001/XMLSchema-instance" xsi:noNamespaceSchemaLocation="https://maven.apache.org/surefire/maven-surefire-plugin/xsd/surefire-test-report.xsd" version="3.0.2" name="com.example.supermarket.SupermarketApplicationTests" time="13.64" tests="1" errors="0" skipped="0" failures="0">
  <properties>
[...]
</properties>
  <testcase name="contextLoads" classname="com.example.supermarket.SupermarketApplicationTests" time="0.365">
    <system-out><![CDATA[09:48:08.682 [main] INFO org.springframework.test.context.support.AnnotationConfigContextLoaderUtils -- Could not detect default configuration classes for test class [com.example.supermarket.SupermarketApplicationTests]: SupermarketApplicationTests does not declare any static, non-private, non-final, nested classes annotated with @Configuration.
09:48:08.814 [main] INFO org.springframework.boot.test.context.SpringBootTestContextBootstrapper -- Found @SpringBootConfiguration com.example.supermarket.SupermarketApplication for test class com.example.supermarket.SupermarketApplicationTests
09:48:08.956 [main] INFO org.springframework.boot.devtools.restart.RestartApplicationListener -- Restart disabled due to context in which it is running

  .   ____          _            __ _ _
 /\\ / ___'_ __ _ _(_)_ __  __ _ \ \ \ \
( ( )\___ | '_ | '_| | '_ \/ _` | \ \ \ \
 \\/  ___)| |_)| | | | | || (_| |  ) ) ) )
  '  |____| .__|_| |_|_| |_\__, | / / / /
 =========|_|==============|___/=/_/_/_/

 :: Spring Boot ::                (v3.4.3)

2025-03-10T09:48:09.192+01:00  INFO 22377 --- [supermercato] [           main] c.e.s.SupermarketApplicationTests        : Starting SupermarketApplicationTests using Java 23.0.2 with PID 22377 (started by utente in /home/utente/Scaricati/GestionaleSupermercato)
2025-03-10T09:48:09.193+01:00  INFO 22377 --- [supermercato] [           main] c.e.s.SupermarketApplicationTests        : No active profile set, falling back to 1 default profile: "default"
2025-03-10T09:48:09.835+01:00  INFO 22377 --- [supermercato] [           main] .s.d.r.c.RepositoryConfigurationDelegate : Bootstrapping Spring Data JPA repositories in DEFAULT mode.
2025-03-10T09:48:09.894+01:00  INFO 22377 --- [supermercato] [           main] .s.d.r.c.RepositoryConfigurationDelegate : Finished Spring Data repository scanning in 50 ms. Found 4 JPA repository interfaces.
2025-03-10T09:48:10.241+01:00  INFO 22377 --- [supermercato] [           main] org.testcontainers.images.PullPolicy     : Image pull policy will be performed by: DefaultPullPolicy()
2025-03-10T09:48:10.243+01:00  INFO 22377 --- [supermercato] [           main] o.t.utility.ImageNameSubstitutor         : Image name substitution will be performed by: DefaultImageNameSubstitutor (composite of 'ConfigurationFileImageNameSubstitutor' and 'PrefixingImageNameSubstitutor')
2025-03-10T09:48:10.260+01:00  INFO 22377 --- [supermercato] [           main] org.testcontainers.DockerClientFactory   : Testcontainers version: 1.20.5
2025-03-10T09:48:10.406+01:00  INFO 22377 --- [supermercato] [           main] o.t.d.DockerClientProviderStrategy       : Loaded org.testcontainers.dockerclient.UnixSocketClientProviderStrategy from ~/.testcontainers.properties, will try it first
2025-03-10T09:48:10.563+01:00  INFO 22377 --- [supermercato] [           main] o.t.d.DockerClientProviderStrategy       : Found Docker environment with local Unix socket (unix:///var/run/docker.sock)
2025-03-10T09:48:10.564+01:00  INFO 22377 --- [supermercato] [           main] org.testcontainers.DockerClientFactory   : Docker host IP address is localhost
2025-03-10T09:48:10.575+01:00  INFO 22377 --- [supermercato] [           main] org.testcontainers.DockerClientFactory   : Connected to docker: 
  Server Version: 27.5.1
  API Version: 1.47
  Operating System: Ubuntu 24.04.2 LTS
  Total Memory: 15728 MB
2025-03-10T09:48:10.592+01:00  INFO 22377 --- [supermercato] [           main] tc.testcontainers/ryuk:0.11.0            : Creating container for image: testcontainers/ryuk:0.11.0
2025-03-10T09:48:10.640+01:00  INFO 22377 --- [supermercato] [           main] o.t.utility.RegistryAuthLocator          : Credential helper/store (docker-credential-desktop) does not have credentials for https://index.docker.io/v1/
2025-03-10T09:48:10.731+01:00  INFO 22377 --- [supermercato] [           main] tc.testcontainers/ryuk:0.11.0            : Container testcontainers/ryuk:0.11.0 is starting: c2f185d1d22c5601d5487ffac328c77bde231d753dbb4d9c01075f669cb8d14c
2025-03-10T09:48:10.982+01:00  INFO 22377 --- [supermercato] [           main] tc.testcontainers/ryuk:0.11.0            : Container testcontainers/ryuk:0.11.0 started in PT0.389883039S
2025-03-10T09:48:10.986+01:00  INFO 22377 --- [supermercato] [           main] o.t.utility.RyukResourceReaper           : Ryuk started - will monitor and terminate Testcontainers containers on JVM exit
2025-03-10T09:48:10.986+01:00  INFO 22377 --- [supermercato] [           main] org.testcontainers.DockerClientFactory   : Checking the system...
2025-03-10T09:48:10.987+01:00  INFO 22377 --- [supermercato] [           main] org.testcontainers.DockerClientFactory   : ✔︎ Docker server version should be at least 1.6.0
2025-03-10T09:48:10.989+01:00  INFO 22377 --- [supermercato] [           main] tc.mysql:latest                          : Creating container for image: mysql:latest
2025-03-10T09:48:11.027+01:00  INFO 22377 --- [supermercato] [           main] tc.mysql:latest                          : Container mysql:latest is starting: 93cb6ea4efdd60a9ba81110a2f0e366ed258ca745151efd22307325a8c45e45a
2025-03-10T09:48:11.160+01:00  INFO 22377 --- [supermercato] [           main] tc.mysql:latest                          : Waiting for database connection to become available at jdbc:mysql://localhost:32769/test using query 'SELECT 1'
2025-03-10T09:48:19.112+01:00  INFO 22377 --- [supermercato] [           main] tc.mysql:latest                          : Container mysql:latest started in PT8.12276981S
2025-03-10T09:48:19.112+01:00  INFO 22377 --- [supermercato] [           main] tc.mysql:latest                          : Container is started (JDBC URL: jdbc:mysql://localhost:32769/test)
2025-03-10T09:48:19.209+01:00  INFO 22377 --- [supermercato] [           main] o.hibernate.jpa.internal.util.LogHelper  : HHH000204: Processing PersistenceUnitInfo [name: default]
2025-03-10T09:48:19.232+01:00  INFO 22377 --- [supermercato] [           main] org.hibernate.Version                    : HHH000412: Hibernate ORM core version 6.6.8.Final
2025-03-10T09:48:19.236+01:00  WARN 22377 --- [supermercato] [           main] org.hibernate.orm.deprecation            : HHH90000021: Encountered deprecated setting [javax.persistence.validation.mode], use [jakarta.persistence.validation.mode] instead
2025-03-10T09:48:19.250+01:00  INFO 22377 --- [supermercato] [           main] o.h.c.internal.RegionFactoryInitiator    : HHH000026: Second-level cache disabled
2025-03-10T09:48:19.411+01:00  INFO 22377 --- [supermercato] [           main] o.s.o.j.p.SpringPersistenceUnitInfo      : No LoadTimeWeaver setup: ignoring JPA class transformer
2025-03-10T09:48:19.428+01:00  INFO 22377 --- [supermercato] [           main] com.zaxxer.hikari.HikariDataSource       : HikariPool-1 - Starting...
2025-03-10T09:48:19.544+01:00  INFO 22377 --- [supermercato] [           main] com.zaxxer.hikari.pool.HikariPool        : HikariPool-1 - Added connection com.mysql.cj.jdbc.ConnectionImpl@1c22642d
2025-03-10T09:48:19.545+01:00  INFO 22377 --- [supermercato] [           main] com.zaxxer.hikari.HikariDataSource       : HikariPool-1 - Start completed.
2025-03-10T09:48:19.564+01:00  WARN 22377 --- [supermercato] [           main] org.hibernate.orm.deprecation            : HHH90000025: MySQL8Dialect does not need to be specified explicitly using 'hibernate.dialect' (remove the property setting and it will be selected by default)
2025-03-10T09:48:19.565+01:00  WARN 22377 --- [supermercato] [           main] org.hibernate.orm.deprecation            : HHH90000026: MySQL8Dialect has been deprecated; use org.hibernate.dialect.MySQLDialect instead
2025-03-10T09:48:19.576+01:00  INFO 22377 --- [supermercato] [           main] org.hibernate.orm.connections.pooling    : HHH10001005: Database info:
	Database JDBC URL [Connecting through datasource 'HikariDataSource (HikariPool-1)']
	Database driver: undefined/unknown
	Database version: 8.0
	Autocommit mode: undefined/unknown
	Isolation level: undefined/unknown
	Minimum pool size: undefined/unknown
	Maximum pool size: undefined/unknown
2025-03-10T09:48:20.251+01:00  INFO 22377 --- [supermercato] [           main] o.h.e.t.j.p.i.JtaPlatformInitiator       : HHH000489: No JTA platform available (set 'hibernate.transaction.jta.platform' to enable JTA platform integration)
Hibernate: create table category (id integer not null, name varchar(255), primary key (id)) engine=InnoDB
Hibernate: create table category_seq (next_val bigint) engine=InnoDB
Hibernate: insert into category_seq values ( 1 )
Hibernate: create table deal (id integer not null, active bit not null, deal_type tinyint, duration integer not null, name varchar(255), primary key (id)) engine=InnoDB
Hibernate: create table discount (id integer not null, active bit not null, discount_percentage integer not null, duration integer not null, name varchar(255), primary key (id)) engine=InnoDB
Hibernate: create table product (id integer not null, name varchar(255), selling_price float(53) not null, category_id integer, primary key (id)) engine=InnoDB
Hibernate: create table product_sale_seq (next_val bigint) engine=InnoDB
Hibernate: insert into product_sale_seq values ( 1 )
Hibernate: create table product_seq (next_val bigint) engine=InnoDB
Hibernate: insert into product_seq values ( 1 )
Hibernate: create table product_sale (id integer not null, quantity integer not null, product_id integer, sale_id integer, primary key (id)) engine=InnoDB
Hibernate: create table receipt (id integer not null, receipt_code varchar(255), sale_id integer, primary key (id)) engine=InnoDB
Hibernate: create table receipt_seq (next_val bigint) engine=InnoDB
Hibernate: insert into receipt_seq values ( 1 )
Hibernate: create table sale (id integer not null, discount_price float(53) not null, sale_date datetime(6), total_price float(53) not null, deal_id integer, discount_id integer, primary key (id)) engine=InnoDB
Hibernate: create table sale_seq (next_val bigint) engine=InnoDB
Hibernate: insert into sale_seq values ( 1 )
Hibernate: create table stock (id integer not null, delivery_date date, expiration_date date, quantity integer not null, product_id integer, supplier_id integer, primary key (id)) engine=InnoDB
Hibernate: create table stock_seq (next_val bigint) engine=InnoDB
Hibernate: insert into stock_seq values ( 1 )
Hibernate: create table supplier (id integer not null, address varchar(255), email varchar(255), name varchar(255), phone_number varchar(255), primary key (id)) engine=InnoDB
Hibernate: create table supplier_seq (next_val bigint) engine=InnoDB
Hibernate: insert into supplier_seq values ( 1 )
Hibernate: create table user (operator_code varchar(255) not null, email varchar(255), name varchar(255), password varchar(255), role varchar(255), surname varchar(255), primary key (operator_code)) engine=InnoDB
Hibernate: alter table category drop index UK46ccwnsi9409t36lurvtyljak
Hibernate: alter table category add constraint UK46ccwnsi9409t36lurvtyljak unique (name)
Hibernate: alter table receipt drop index UK9atywy9p85dnyoc77wpc6pr4t
Hibernate: alter table receipt add constraint UK9atywy9p85dnyoc77wpc6pr4t unique (sale_id)
Hibernate: alter table product add constraint FK1mtsbur82frn64de7balymq9s foreign key (category_id) references category (id)
Hibernate: alter table product_sale add constraint FKn4mby2cj0njhd6s7rbqbf5ujh foreign key (product_id) references product (id)
Hibernate: alter table product_sale add constraint FK4pvqe8s1fkn1acdx7ogqw9ofm foreign key (sale_id) references sale (id)
Hibernate: alter table receipt add constraint FKnlgf0jucgoq375dv7a8jdf5ic foreign key (sale_id) references sale (id)
Hibernate: alter table sale add constraint FKhfd3jgrsrihim5nchwm0a0usa foreign key (deal_id) references deal (id)
Hibernate: alter table sale add constraint FKop9od3rmdfsl8ab46lcxkv53f foreign key (discount_id) references discount (id)
Hibernate: alter table stock add constraint FKjghkvw2snnsr5gpct0of7xfcf foreign key (product_id) references product (id)
Hibernate: alter table stock add constraint FKl2fbubw80ojtirp051oms6piu foreign key (supplier_id) references supplier (id)
2025-03-10T09:48:20.901+01:00  INFO 22377 --- [supermercato] [           main] j.LocalContainerEntityManagerFactoryBean : Initialized JPA EntityManagerFactory for persistence unit 'default'
2025-03-10T09:48:21.122+01:00  INFO 22377 --- [supermercato] [           main] o.s.d.j.r.query.QueryEnhancerFactory     : Hibernate is in classpath; If applicable, HQL parser will be used.
2025-03-10T09:48:21.538+01:00  WARN 22377 --- [supermercato] [           main] JpaBaseConfiguration$JpaWebConfiguration : spring.jpa.open-in-view is enabled by default. Therefore, database queries may be performed during view rendering. Explicitly configure spring.jpa.open-in-view to disable this warning
2025-03-10T09:48:21.728+01:00  WARN 22377 --- [supermercato] [           main] ion$DefaultTemplateResolverConfiguration : Cannot find template location: classpath:/templates/ (please add some templates, check your Thymeleaf configuration, or set spring.thymeleaf.check-template-location=false)
2025-03-10T09:48:21.822+01:00  INFO 22377 --- [supermercato] [           main] c.e.s.SupermarketApplicationTests        : Started SupermarketApplicationTests in 12.879 seconds (process running for 13.729)
]]></system-out>
    <system-err><![CDATA[Mockito is currently self-attaching to enable the inline-mock-maker. This will no longer work in future releases of the JDK. Please add Mockito as an agent to your build what is described in Mockito's documentation: https://javadoc.io/doc/org.mockito/mockito-core/latest/org/mockito/Mockito.html#0.3
WARNING: A Java agent has been loaded dynamically (/home/utente/.m2/repository/net/bytebuddy/byte-buddy-agent/1.15.11/byte-buddy-agent-1.15.11.jar)
WARNING: If a serviceability tool is in use, please run with -XX:+EnableDynamicAgentLoading to hide this warning
WARNING: If a serviceability tool is not in use, please run with -Djdk.instrument.traceUsage for more information
WARNING: Dynamic loading of agents will be disallowed by default in a future release
]]></system-err>
  </testcase>
</testsuite>